<?xml version="1.0" encoding="UTF-8"?>
<!-- Generated by org.testng.reporters.JUnitXMLReporter -->
<testsuite hostname="EPINHYDW00B1" ignored="5" name="CalculatorTest" tests="6" failures="6" timestamp="2020-02-26T19:24:15 IST" time="0.058" errors="0">
  <testcase name="testSumForLong" time="0.008" classname="calculator.CalculatorTest.CalculatorTesting">
    <failure type="java.lang.NullPointerException">
      <![CDATA[java.lang.NullPointerException
at calculator.CalculatorTest.CalculatorTesting.testSumForLong(CalculatorTesting.java:32)
at java.util.concurrent.ThreadPoolExecutor.runWorker(ThreadPoolExecutor.java:1149)
at java.util.concurrent.ThreadPoolExecutor$Worker.run(ThreadPoolExecutor.java:624)
at java.lang.Thread.run(Thread.java:748)
... Removed 12 stack frames]]>
    </failure>
  </testcase> <!-- testSumForLong -->
  <testcase name="testSumForLong" time="0.002" classname="calculator.CalculatorTest.CalculatorTesting">
    <failure type="java.lang.NullPointerException">
      <![CDATA[java.lang.NullPointerException
at calculator.CalculatorTest.CalculatorTesting.testSumForLong(CalculatorTesting.java:32)
at java.util.concurrent.ThreadPoolExecutor.runWorker(ThreadPoolExecutor.java:1149)
at java.util.concurrent.ThreadPoolExecutor$Worker.run(ThreadPoolExecutor.java:624)
at java.lang.Thread.run(Thread.java:748)
... Removed 12 stack frames]]>
    </failure>
  </testcase> <!-- testSumForLong -->
  <testcase name="testSumForLong" time="0.001" classname="calculator.CalculatorTest.CalculatorTesting">
    <failure type="java.lang.NullPointerException">
      <![CDATA[java.lang.NullPointerException
at calculator.CalculatorTest.CalculatorTesting.testSumForLong(CalculatorTesting.java:32)
at java.util.concurrent.ThreadPoolExecutor.runWorker(ThreadPoolExecutor.java:1149)
at java.util.concurrent.ThreadPoolExecutor$Worker.run(ThreadPoolExecutor.java:624)
at java.lang.Thread.run(Thread.java:748)
... Removed 12 stack frames]]>
    </failure>
  </testcase> <!-- testSumForLong -->
  <testcase name="testSumForLong" time="0.001" classname="calculator.CalculatorTest.CalculatorTesting">
    <failure type="java.lang.NullPointerException">
      <![CDATA[java.lang.NullPointerException
at calculator.CalculatorTest.CalculatorTesting.testSumForLong(CalculatorTesting.java:32)
at java.util.concurrent.ThreadPoolExecutor.runWorker(ThreadPoolExecutor.java:1149)
at java.util.concurrent.ThreadPoolExecutor$Worker.run(ThreadPoolExecutor.java:624)
at java.lang.Thread.run(Thread.java:748)
... Removed 12 stack frames]]>
    </failure>
  </testcase> <!-- testSumForLong -->
  <testcase name="testSumForLong" time="0.001" classname="calculator.CalculatorTest.CalculatorTesting">
    <failure type="java.lang.NullPointerException">
      <![CDATA[java.lang.NullPointerException
at calculator.CalculatorTest.CalculatorTesting.testSumForLong(CalculatorTesting.java:32)
at java.util.concurrent.ThreadPoolExecutor.runWorker(ThreadPoolExecutor.java:1149)
at java.util.concurrent.ThreadPoolExecutor$Worker.run(ThreadPoolExecutor.java:624)
at java.lang.Thread.run(Thread.java:748)
... Removed 12 stack frames]]>
    </failure>
  </testcase> <!-- testSumForLong -->
  <testcase name="testSumForLong" time="0.0" classname="calculator.CalculatorTest.CalculatorTesting">
    <failure type="java.lang.NullPointerException">
      <![CDATA[java.lang.NullPointerException
at calculator.CalculatorTest.CalculatorTesting.testSumForLong(CalculatorTesting.java:32)
at java.util.concurrent.ThreadPoolExecutor.runWorker(ThreadPoolExecutor.java:1149)
at java.util.concurrent.ThreadPoolExecutor$Worker.run(ThreadPoolExecutor.java:624)
at java.lang.Thread.run(Thread.java:748)
... Removed 12 stack frames]]>
    </failure>
  </testcase> <!-- testSumForLong -->
  <testcase name="testCtg" time="0.0" classname="calculator.CalculatorTest.CalculatorTesting">
    <ignored/>
  </testcase> <!-- testCtg -->
  <testcase name="testMulForLong" time="0.0" classname="calculator.CalculatorTest.CalculatorTesting">
    <ignored/>
  </testcase> <!-- testMulForLong -->
  <testcase name="testCos" time="0.0" classname="calculator.CalculatorTest.CalculatorTesting">
    <ignored/>
  </testcase> <!-- testCos -->
  <testcase name="testtg" time="0.0" classname="calculator.CalculatorTest.CalculatorTesting">
    <ignored/>
  </testcase> <!-- testtg -->
  <testcase name="testSin" time="0.0" classname="calculator.CalculatorTest.CalculatorTesting">
    <ignored/>
  </testcase> <!-- testSin -->
</testsuite> <!-- CalculatorTest -->
